<?xml version="1.0" encoding="UTF-8"?>
<testsuite name="Runner" tests="2" skipped="0" failures="0" errors="0" timestamp="2025-06-14T19:57:36.226Z" hostname="Sayantans-MacBook-Air.local" time="11.141">
  <properties/>
  <testcase name="dummyTest" classname="Runner" time="0.001"/>
  <testcase name="runScenario[0](&quot;Swag Labs Login&quot;, &quot;Swag Labs Login&quot;)" classname="Runner" time="11.136"/>
  <system-out><![CDATA[Navigating to URL: https://www.saucedemo.com
Navigated to URL: https://www.saucedemo.com

@Swag_Labs @login_positive
Scenario: Swag Labs Login                                        # src/test/features/Feature.feature:6
Page title is: Swag Labs
  Given user is on the Swag Labs login page                      # steps.Step.getloginTitle()
Sending keys to element: [[FirefoxDriver: firefox on mac (186b9cc9-a174-408b-8ad1-56319902c356)] -> id: user-name] - Keys: abcd
Sent keys to element: [[FirefoxDriver: firefox on mac (186b9cc9-a174-408b-8ad1-56319902c356)] -> id: user-name] - Keys: abcd
Sending keys to element: [[FirefoxDriver: firefox on mac (186b9cc9-a174-408b-8ad1-56319902c356)] -> id: password] - Keys: 1234
Sent keys to element: [[FirefoxDriver: firefox on mac (186b9cc9-a174-408b-8ad1-56319902c356)] -> id: password] - Keys: 1234
Clicking on element: [[FirefoxDriver: firefox on mac (186b9cc9-a174-408b-8ad1-56319902c356)] -> id: login-button]
Clicked on element: [[FirefoxDriver: firefox on mac (186b9cc9-a174-408b-8ad1-56319902c356)] -> id: login-button]
Sending keys to element: [[FirefoxDriver: firefox on mac (186b9cc9-a174-408b-8ad1-56319902c356)] -> id: user-name] - Keys: abcd
Sent keys to element: [[FirefoxDriver: firefox on mac (186b9cc9-a174-408b-8ad1-56319902c356)] -> id: user-name] - Keys: abcd
Sending keys to element: [[FirefoxDriver: firefox on mac (186b9cc9-a174-408b-8ad1-56319902c356)] -> id: password] - Keys: secret_sauce
Sent keys to element: [[FirefoxDriver: firefox on mac (186b9cc9-a174-408b-8ad1-56319902c356)] -> id: password] - Keys: secret_sauce
Clicking on element: [[FirefoxDriver: firefox on mac (186b9cc9-a174-408b-8ad1-56319902c356)] -> id: login-button]
Clicked on element: [[FirefoxDriver: firefox on mac (186b9cc9-a174-408b-8ad1-56319902c356)] -> id: login-button]
Sending keys to element: [[FirefoxDriver: firefox on mac (186b9cc9-a174-408b-8ad1-56319902c356)] -> id: user-name] - Keys: standard_user
Sent keys to element: [[FirefoxDriver: firefox on mac (186b9cc9-a174-408b-8ad1-56319902c356)] -> id: user-name] - Keys: standard_user
Sending keys to element: [[FirefoxDriver: firefox on mac (186b9cc9-a174-408b-8ad1-56319902c356)] -> id: password] - Keys: 1234
Sent keys to element: [[FirefoxDriver: firefox on mac (186b9cc9-a174-408b-8ad1-56319902c356)] -> id: password] - Keys: 1234
Clicking on element: [[FirefoxDriver: firefox on mac (186b9cc9-a174-408b-8ad1-56319902c356)] -> id: login-button]
Clicked on element: [[FirefoxDriver: firefox on mac (186b9cc9-a174-408b-8ad1-56319902c356)] -> id: login-button]
Sending keys to element: [[FirefoxDriver: firefox on mac (186b9cc9-a174-408b-8ad1-56319902c356)] -> id: user-name] - Keys: standard_user
Sent keys to element: [[FirefoxDriver: firefox on mac (186b9cc9-a174-408b-8ad1-56319902c356)] -> id: user-name] - Keys: standard_user
Sending keys to element: [[FirefoxDriver: firefox on mac (186b9cc9-a174-408b-8ad1-56319902c356)] -> id: password] - Keys: secret_sauce
Sent keys to element: [[FirefoxDriver: firefox on mac (186b9cc9-a174-408b-8ad1-56319902c356)] -> id: password] - Keys: secret_sauce
Clicking on element: [[FirefoxDriver: firefox on mac (186b9cc9-a174-408b-8ad1-56319902c356)] -> id: login-button]
Clicked on element: [[FirefoxDriver: firefox on mac (186b9cc9-a174-408b-8ad1-56319902c356)] -> id: login-button]
  When user enters valid credentials and clicks login button     # steps.Step.login()
Name (A to Z)
Name (Z to A)
Price (low to high)
Price (high to low)
Checking if element is selected: [[[[FirefoxDriver: firefox on mac (186b9cc9-a174-408b-8ad1-56319902c356)] -> class name: product_sort_container]] -> xpath: .//option[normalize-space(.) = "Price (high to low)"]]
Element is selected: [[[[FirefoxDriver: firefox on mac (186b9cc9-a174-408b-8ad1-56319902c356)] -> class name: product_sort_container]] -> xpath: .//option[normalize-space(.) = "Price (high to low)"]] - false
Clicking on element: [[[[FirefoxDriver: firefox on mac (186b9cc9-a174-408b-8ad1-56319902c356)] -> class name: product_sort_container]] -> xpath: .//option[normalize-space(.) = "Price (high to low)"]]
Clicked on element: [[[[FirefoxDriver: firefox on mac (186b9cc9-a174-408b-8ad1-56319902c356)] -> class name: product_sort_container]] -> xpath: .//option[normalize-space(.) = "Price (high to low)"]]
01:27:47.356 [Test worker] ERROR commonutils.CommonUtils - Exception occurred: Unable to locate element: //*[@id="item_4_title_link"]/div
For documentation on this error, please visit: https://www.selenium.dev/documentation/webdriver/troubleshooting/errors#no-such-element-exception
Build info: version: '4.33.0', revision: '2c6aaad03a'
System info: os.name: 'Mac OS X', os.arch: 'aarch64', os.version: '15.1.1', java.version: '24.0.1'
Driver info: org.openqa.selenium.firefox.FirefoxDriver
Command: [186b9cc9-a174-408b-8ad1-56319902c356, findElement {value=//*[@id="item_4_title_link"]/div, using=xpath}]
Capabilities {acceptInsecureCerts: true, browserName: firefox, browserVersion: 139.0.1, moz:accessibilityChecks: false, moz:buildID: 20250529122813, moz:geckodriverVersion: 0.36.0, moz:headless: false, moz:platformVersion: 24.1.0, moz:processID: 4312, moz:profile: /var/folders/d3/fybdj1250cl..., moz:shutdownTimeout: 60000, moz:webdriverClick: true, moz:windowless: false, pageLoadStrategy: normal, platformName: mac, proxy: Proxy(), setWindowRect: true, strictFileInteractability: false, timeouts: {implicit: 0, pageLoad: 300000, script: 30000}, unhandledPromptBehavior: dismiss and notify, userAgent: Mozilla/5.0 (Macintosh; Int...}
Session ID: 186b9cc9-a174-408b-8ad1-56319902c356
org.openqa.selenium.NoSuchElementException: Unable to locate element: //*[@id="item_4_title_link"]/div
For documentation on this error, please visit: https://www.selenium.dev/documentation/webdriver/troubleshooting/errors#no-such-element-exception
Build info: version: '4.33.0', revision: '2c6aaad03a'
System info: os.name: 'Mac OS X', os.arch: 'aarch64', os.version: '15.1.1', java.version: '24.0.1'
Driver info: org.openqa.selenium.firefox.FirefoxDriver
Command: [186b9cc9-a174-408b-8ad1-56319902c356, findElement {value=//*[@id="item_4_title_link"]/div, using=xpath}]
Capabilities {acceptInsecureCerts: true, browserName: firefox, browserVersion: 139.0.1, moz:accessibilityChecks: false, moz:buildID: 20250529122813, moz:geckodriverVersion: 0.36.0, moz:headless: false, moz:platformVersion: 24.1.0, moz:processID: 4312, moz:profile: /var/folders/d3/fybdj1250cl..., moz:shutdownTimeout: 60000, moz:webdriverClick: true, moz:windowless: false, pageLoadStrategy: normal, platformName: mac, proxy: Proxy(), setWindowRect: true, strictFileInteractability: false, timeouts: {implicit: 0, pageLoad: 300000, script: 30000}, unhandledPromptBehavior: dismiss and notify, userAgent: Mozilla/5.0 (Macintosh; Int...}
Session ID: 186b9cc9-a174-408b-8ad1-56319902c356
	at jdk.internal.reflect.DirectConstructorHandleAccessor.newInstance(DirectConstructorHandleAccessor.java:62) ~[?:?]
	at java.lang.reflect.Constructor.newInstanceWithCaller(Constructor.java:499) ~[?:?]
	at java.lang.reflect.Constructor.newInstance(Constructor.java:483) ~[?:?]
	at org.openqa.selenium.remote.ErrorCodec.decode(ErrorCodec.java:167) ~[selenium-remote-driver-4.33.0.jar:?]
	at org.openqa.selenium.remote.codec.w3c.W3CHttpResponseCodec.decode(W3CHttpResponseCodec.java:138) ~[selenium-remote-driver-4.33.0.jar:?]
	at org.openqa.selenium.remote.codec.w3c.W3CHttpResponseCodec.decode(W3CHttpResponseCodec.java:50) ~[selenium-remote-driver-4.33.0.jar:?]
	at org.openqa.selenium.remote.HttpCommandExecutor.execute(HttpCommandExecutor.java:215) ~[selenium-remote-driver-4.33.0.jar:?]
	at org.openqa.selenium.remote.service.DriverCommandExecutor.invokeExecute(DriverCommandExecutor.java:216) ~[selenium-remote-driver-4.33.0.jar:?]
	at org.openqa.selenium.remote.service.DriverCommandExecutor.execute(DriverCommandExecutor.java:174) ~[selenium-remote-driver-4.33.0.jar:?]
	at org.openqa.selenium.remote.RemoteWebDriver.execute(RemoteWebDriver.java:544) ~[selenium-remote-driver-4.33.0.jar:?]
	at org.openqa.selenium.remote.ElementLocation$ElementFinder$2.findElement(ElementLocation.java:165) ~[selenium-remote-driver-4.33.0.jar:?]
	at org.openqa.selenium.remote.ElementLocation.findElement(ElementLocation.java:59) ~[selenium-remote-driver-4.33.0.jar:?]
	at org.openqa.selenium.remote.RemoteWebDriver.findElement(RemoteWebDriver.java:367) ~[selenium-remote-driver-4.33.0.jar:?]
	at org.openqa.selenium.remote.RemoteWebDriver.findElement(RemoteWebDriver.java:361) ~[selenium-remote-driver-4.33.0.jar:?]
	at jdk.internal.reflect.DirectMethodHandleAccessor.invoke(DirectMethodHandleAccessor.java:104) ~[?:?]
	at java.lang.reflect.Method.invoke(Method.java:565) ~[?:?]
	at org.openqa.selenium.support.decorators.WebDriverDecorator.call(WebDriverDecorator.java:315) ~[selenium-remote-driver-4.33.0.jar:?]
	at org.openqa.selenium.support.decorators.DefaultDecorated.call(DefaultDecorated.java:48) ~[selenium-remote-driver-4.33.0.jar:?]
	at org.openqa.selenium.support.decorators.WebDriverDecorator.lambda$createProxyFactory$3(WebDriverDecorator.java:405) ~[selenium-remote-driver-4.33.0.jar:?]
	at net.bytebuddy.renamed.java.lang.Object$ByteBuddy$6qSAtIPy.findElement(Unknown Source) ~[?:?]
	at org.openqa.selenium.support.pagefactory.DefaultElementLocator.findElement(DefaultElementLocator.java:68) ~[selenium-support-4.33.0.jar:?]
	at org.openqa.selenium.support.pagefactory.internal.LocatingElementHandler.invoke(LocatingElementHandler.java:38) ~[selenium-support-4.33.0.jar:?]
	at jdk.proxy3.$Proxy54.click(Unknown Source) ~[?:?]
	at stepdefs.StepDef.verifyProduct(StepDef.java:104) [test/:?]
	at steps.Step.verifyProductPage(Step.java:36) [test/:?]
	at jdk.internal.reflect.DirectMethodHandleAccessor.invoke(DirectMethodHandleAccessor.java:104) ~[?:?]
	at java.lang.reflect.Method.invoke(Method.java:565) ~[?:?]
	at io.cucumber.java.Invoker.doInvoke(Invoker.java:66) [cucumber-java-7.22.0.jar:7.22.0]
	at io.cucumber.java.Invoker.invoke(Invoker.java:24) [cucumber-java-7.22.0.jar:7.22.0]
	at io.cucumber.java.AbstractGlueDefinition.invokeMethod(AbstractGlueDefinition.java:47) [cucumber-java-7.22.0.jar:7.22.0]
	at io.cucumber.java.JavaStepDefinition.execute(JavaStepDefinition.java:29) [cucumber-java-7.22.0.jar:7.22.0]
	at io.cucumber.core.runner.CoreStepDefinition.execute(CoreStepDefinition.java:66) [cucumber-core-7.22.0.jar:7.22.0]
	at io.cucumber.core.runner.PickleStepDefinitionMatch.runStep(PickleStepDefinitionMatch.java:62) [cucumber-core-7.22.0.jar:7.22.0]
	at io.cucumber.core.runner.ExecutionMode$1.execute(ExecutionMode.java:10) [cucumber-core-7.22.0.jar:7.22.0]
	at io.cucumber.core.runner.TestStep.executeStep(TestStep.java:81) [cucumber-core-7.22.0.jar:7.22.0]
	at io.cucumber.core.runner.TestStep.run(TestStep.java:53) [cucumber-core-7.22.0.jar:7.22.0]
	at io.cucumber.core.runner.PickleStepTestStep.run(PickleStepTestStep.java:51) [cucumber-core-7.22.0.jar:7.22.0]
	at io.cucumber.core.runner.TestCase.run(TestCase.java:86) [cucumber-core-7.22.0.jar:7.22.0]
	at io.cucumber.core.runner.Runner.runPickle(Runner.java:77) [cucumber-core-7.22.0.jar:7.22.0]
	at io.cucumber.testng.TestNGCucumberRunner.lambda$runScenario$1(TestNGCucumberRunner.java:135) [cucumber-testng-7.22.0.jar:7.22.0]
	at io.cucumber.core.runtime.CucumberExecutionContext.lambda$runTestCase$5(CucumberExecutionContext.java:136) [cucumber-core-7.22.0.jar:7.22.0]
	at io.cucumber.core.runtime.RethrowingThrowableCollector.executeAndThrow(RethrowingThrowableCollector.java:23) [cucumber-core-7.22.0.jar:7.22.0]
	at io.cucumber.core.runtime.CucumberExecutionContext.runTestCase(CucumberExecutionContext.java:136) [cucumber-core-7.22.0.jar:7.22.0]
	at io.cucumber.testng.TestNGCucumberRunner.runScenario(TestNGCucumberRunner.java:132) [cucumber-testng-7.22.0.jar:7.22.0]
	at io.cucumber.testng.AbstractTestNGCucumberTests.runScenario(AbstractTestNGCucumberTests.java:35) [cucumber-testng-7.22.0.jar:7.22.0]
	at jdk.internal.reflect.DirectMethodHandleAccessor.invoke(DirectMethodHandleAccessor.java:104) ~[?:?]
	at java.lang.reflect.Method.invoke(Method.java:565) ~[?:?]
	at org.testng.internal.invokers.MethodInvocationHelper.invokeMethod(MethodInvocationHelper.java:141) [testng-7.11.0.jar:7.11.0]
	at org.testng.internal.invokers.TestInvoker.invokeMethod(TestInvoker.java:687) [testng-7.11.0.jar:7.11.0]
	at org.testng.internal.invokers.TestInvoker.invokeTestMethod(TestInvoker.java:230) [testng-7.11.0.jar:7.11.0]
	at org.testng.internal.invokers.MethodRunner.runInSequence(MethodRunner.java:63) [testng-7.11.0.jar:7.11.0]
	at org.testng.internal.invokers.TestInvoker$MethodInvocationAgent.invoke(TestInvoker.java:995) [testng-7.11.0.jar:7.11.0]
	at org.testng.internal.invokers.TestInvoker.invokeTestMethods(TestInvoker.java:203) [testng-7.11.0.jar:7.11.0]
	at org.testng.internal.invokers.TestMethodWorker.invokeTestMethods(TestMethodWorker.java:154) [testng-7.11.0.jar:7.11.0]
	at org.testng.internal.invokers.TestMethodWorker.run(TestMethodWorker.java:134) [testng-7.11.0.jar:7.11.0]
	at java.util.ArrayList.forEach(ArrayList.java:1604) [?:?]
	at org.testng.TestRunner.privateRun(TestRunner.java:741) [testng-7.11.0.jar:7.11.0]
	at org.testng.TestRunner.run(TestRunner.java:616) [testng-7.11.0.jar:7.11.0]
	at org.testng.SuiteRunner.runTest(SuiteRunner.java:421) [testng-7.11.0.jar:7.11.0]
	at org.testng.SuiteRunner.runSequentially(SuiteRunner.java:413) [testng-7.11.0.jar:7.11.0]
	at org.testng.SuiteRunner.privateRun(SuiteRunner.java:373) [testng-7.11.0.jar:7.11.0]
	at org.testng.SuiteRunner.run(SuiteRunner.java:312) [testng-7.11.0.jar:7.11.0]
	at org.testng.SuiteRunnerWorker.runSuite(SuiteRunnerWorker.java:52) [testng-7.11.0.jar:7.11.0]
	at org.testng.SuiteRunnerWorker.run(SuiteRunnerWorker.java:95) [testng-7.11.0.jar:7.11.0]
	at org.testng.TestNG.runSuitesSequentially(TestNG.java:1274) [testng-7.11.0.jar:7.11.0]
	at org.testng.TestNG.runSuitesLocally(TestNG.java:1208) [testng-7.11.0.jar:7.11.0]
	at org.testng.TestNG.runSuites(TestNG.java:1112) [testng-7.11.0.jar:7.11.0]
	at org.testng.TestNG.run(TestNG.java:1079) [testng-7.11.0.jar:7.11.0]
	at org.gradle.api.internal.tasks.testing.testng.TestNGTestClassProcessor.runTests(TestNGTestClassProcessor.java:153) [gradle-testing-jvm-infrastructure-8.14.1.jar:8.14.1]
	at org.gradle.api.internal.tasks.testing.testng.TestNGTestClassProcessor.stop(TestNGTestClassProcessor.java:95) [gradle-testing-jvm-infrastructure-8.14.1.jar:8.14.1]
	at org.gradle.api.internal.tasks.testing.SuiteTestClassProcessor.stop(SuiteTestClassProcessor.java:63) [gradle-testing-base-infrastructure-8.14.1.jar:8.14.1]
	at jdk.internal.reflect.DirectMethodHandleAccessor.invoke(DirectMethodHandleAccessor.java:104) ~[?:?]
	at java.lang.reflect.Method.invoke(Method.java:565) ~[?:?]
	at org.gradle.internal.dispatch.ReflectionDispatch.dispatch(ReflectionDispatch.java:36) [gradle-messaging-8.14.1.jar:8.14.1]
	at org.gradle.internal.dispatch.ReflectionDispatch.dispatch(ReflectionDispatch.java:24) [gradle-messaging-8.14.1.jar:8.14.1]
	at org.gradle.internal.dispatch.ContextClassLoaderDispatch.dispatch(ContextClassLoaderDispatch.java:33) [gradle-messaging-8.14.1.jar:8.14.1]
	at org.gradle.internal.dispatch.ProxyDispatchAdapter$DispatchingInvocationHandler.invoke(ProxyDispatchAdapter.java:92) [gradle-messaging-8.14.1.jar:8.14.1]
	at jdk.proxy1.$Proxy4.stop(Unknown Source) [?:?]
	at org.gradle.api.internal.tasks.testing.worker.TestWorker$3.run(TestWorker.java:200) [gradle-testing-base-infrastructure-8.14.1.jar:8.14.1]
	at org.gradle.api.internal.tasks.testing.worker.TestWorker.executeAndMaintainThreadName(TestWorker.java:132) [gradle-testing-base-infrastructure-8.14.1.jar:8.14.1]
	at org.gradle.api.internal.tasks.testing.worker.TestWorker.execute(TestWorker.java:103) [gradle-testing-base-infrastructure-8.14.1.jar:8.14.1]
	at org.gradle.api.internal.tasks.testing.worker.TestWorker.execute(TestWorker.java:63) [gradle-testing-base-infrastructure-8.14.1.jar:8.14.1]
	at org.gradle.process.internal.worker.child.ActionExecutionWorker.execute(ActionExecutionWorker.java:56) [gradle-worker-main-8.14.1.jar:8.14.1]
	at org.gradle.process.internal.worker.child.SystemApplicationClassLoaderWorker.call(SystemApplicationClassLoaderWorker.java:122) [gradle-worker-main-8.14.1.jar:8.14.1]
	at org.gradle.process.internal.worker.child.SystemApplicationClassLoaderWorker.call(SystemApplicationClassLoaderWorker.java:72) [gradle-worker-main-8.14.1.jar:8.14.1]
	at worker.org.gradle.process.internal.worker.GradleWorkerMain.run(GradleWorkerMain.java:69) [gradle-worker.jar:?]
	at worker.org.gradle.process.internal.worker.GradleWorkerMain.main(GradleWorkerMain.java:74) [gradle-worker.jar:?]
  Then user should be redirected to the Swag Labs inventory page # steps.Step.verifyProductPage()
]]></system-out>
  <system-err><![CDATA[]]></system-err>
</testsuite>
